{
  "RSpec": {
    "coverage": {
      "C:/Users/jose_/OneDrive/Escritorio/Rails/ecommerce_api/spec/support/login_user_context.rb": {
        "lines": [
          1,
          1,
          4,
          4,
          null
        ]
      },
      "C:/Users/jose_/OneDrive/Escritorio/Rails/ecommerce_api/app/models/cart.rb": {
        "lines": [
          1,
          1,
          1,
          1,
          null
        ]
      },
      "C:/Users/jose_/OneDrive/Escritorio/Rails/ecommerce_api/spec/models/product_spec.rb": {
        "lines": [
          1,
          null,
          1,
          1,
          2,
          2,
          2,
          2,
          2,
          2,
          null,
          null
        ]
      },
      "C:/Users/jose_/OneDrive/Escritorio/Rails/ecommerce_api/app/models/product.rb": {
        "lines": [
          1,
          1,
          1,
          1,
          1,
          null
        ]
      },
      "C:/Users/jose_/OneDrive/Escritorio/Rails/ecommerce_api/spec/models/user_spec.rb": {
        "lines": [
          1,
          null,
          1,
          2,
          null
        ]
      },
      "C:/Users/jose_/OneDrive/Escritorio/Rails/ecommerce_api/spec/requests/carts_spec.rb": {
        "lines": [
          1,
          null,
          1,
          1,
          null,
          1,
          1,
          1,
          1,
          null,
          null,
          null,
          1,
          2,
          null,
          1,
          1,
          null,
          1,
          null,
          null,
          null,
          1,
          2,
          1,
          1,
          null,
          1,
          1,
          null,
          null,
          null
        ]
      },
      "C:/Users/jose_/OneDrive/Escritorio/Rails/ecommerce_api/app/models/cart_item.rb": {
        "lines": [
          1,
          1,
          1,
          null,
          1,
          null
        ]
      },
      "C:/Users/jose_/OneDrive/Escritorio/Rails/ecommerce_api/app/controllers/carts_controller.rb": {
        "lines": [
          1,
          1,
          null,
          1,
          1,
          null,
          1,
          1,
          null,
          1,
          null,
          null,
          1,
          1,
          null,
          1,
          null,
          1,
          null,
          1,
          1,
          null,
          null,
          1,
          1,
          null,
          null,
          1,
          null,
          1,
          3,
          null,
          null,
          1,
          1,
          1,
          1,
          1,
          null,
          null
        ]
      },
      "C:/Users/jose_/OneDrive/Escritorio/Rails/ecommerce_api/app/controllers/application_controller.rb": {
        "lines": [
          1,
          1,
          1,
          1,
          null,
          1,
          1,
          null,
          1,
          null,
          1,
          0,
          null,
          null,
          1,
          0,
          null,
          null,
          1,
          null,
          1,
          0,
          0,
          null,
          null
        ]
      },
      "C:/Users/jose_/OneDrive/Escritorio/Rails/ecommerce_api/app/policies/cart_policy.rb": {
        "lines": [
          1,
          1,
          1,
          null,
          null,
          1,
          1,
          null,
          null,
          null,
          1,
          null,
          1,
          2,
          null,
          null
        ]
      },
      "C:/Users/jose_/OneDrive/Escritorio/Rails/ecommerce_api/app/policies/application_policy.rb": {
        "lines": [
          null,
          null,
          1,
          1,
          null,
          1,
          2,
          2,
          null,
          null,
          1,
          0,
          null,
          null,
          1,
          0,
          null,
          null,
          1,
          0,
          null,
          null,
          1,
          0,
          null,
          null,
          1,
          0,
          null,
          null,
          1,
          0,
          null,
          null,
          1,
          0,
          null,
          null,
          1,
          1,
          0,
          0,
          null,
          null,
          1,
          0,
          null,
          null,
          1,
          null,
          1,
          null,
          null
        ]
      }
    },
    "timestamp": 1727471755
  }
}
